<?xml version="1.0" encoding="UTF-8"?>
<testng-results ignored="0" total="0" passed="0" failed="0" skipped="0">
  <reporter-output>
  </reporter-output>
  <suite started-at="2024-09-01T17:52:28 IST" name="Default suite" finished-at="2024-09-01T17:52:28 IST" duration-ms="287">
    <groups>
    </groups>
    <test started-at="2024-09-01T17:52:28 IST" name="Default test" finished-at="2024-09-01T17:52:28 IST" duration-ms="287">
      <class name="testclass.BaseTest">
        <test-method is-config="true" signature="initBrowser()[pri:0, instance:testclass.BaseTest@52b1beb6]" started-at="2024-09-01T17:52:14 IST" name="initBrowser" finished-at="2024-09-01T17:52:28 IST" duration-ms="14195" status="PASS">
          <reporter-output>
          </reporter-output>
        </test-method> <!-- initBrowser -->
        <test-method is-config="true" signature="tearDown()[pri:0, instance:testclass.BaseTest@52b1beb6]" started-at="2024-09-01T17:52:29 IST" name="tearDown" finished-at="2024-09-01T17:52:30 IST" duration-ms="1012" status="PASS">
          <reporter-output>
          </reporter-output>
        </test-method> <!-- tearDown -->
      </class> <!-- testclass.BaseTest -->
    </test> <!-- Default test -->
  </suite> <!-- Default suite -->
</testng-results>
